# JRE version: OpenJDK Runtime Environment (8.0_202-b03) (build 1.8.0_202-release-1483-b03)
# Java VM: OpenJDK 64-Bit Server VM (25.202-b03 mixed mode windows-amd64 compressed oops)
Heap:
 PSYoungGen      total 144896K, used 100448K [0x00000000e0000000, 0x00000000eae00000, 0x0000000100000000)
  eden space 126464K, 64% used [0x00000000e0000000,0x00000000e501c948,0x00000000e7b80000)
  from space 18432K, 99% used [0x00000000e9200000,0x00000000ea3fba90,0x00000000ea400000)
  to   space 23040K, 0% used [0x00000000e7b80000,0x00000000e7b80000,0x00000000e9200000)
 ParOldGen       total 78336K, used 35441K [0x00000000a0000000, 0x00000000a4c80000, 0x00000000e0000000)
  object space 78336K, 45% used [0x00000000a0000000,0x00000000a229c518,0x00000000a4c80000)
 Metaspace       used 79036K, capacity 81972K, committed 82176K, reserved 1120256K
  class space    used 10259K, capacity 10901K, committed 11008K, reserved 1048576K
GC Heap History (10 events):
Event: 832.132 GC heap before
{Heap before GC invocations=23 (full 3):
 PSYoungGen      total 99328K, used 82432K [0x00000000e0000000, 0x00000000e8200000, 0x0000000100000000)
  eden space 82432K, 100% used [0x00000000e0000000,0x00000000e5080000,0x00000000e5080000)
  from space 16896K, 0% used [0x00000000e5080000,0x00000000e5080000,0x00000000e6100000)
  to   space 17408K, 0% used [0x00000000e7100000,0x00000000e7100000,0x00000000e8200000)
 ParOldGen       total 78336K, used 29866K [0x00000000a0000000, 0x00000000a4c80000, 0x00000000e0000000)
  object space 78336K, 38% used [0x00000000a0000000,0x00000000a1d2ab30,0x00000000a4c80000)
 Metaspace       used 63528K, capacity 65188K, committed 65536K, reserved 1105920K
  class space    used 8239K, capacity 8653K, committed 8704K, reserved 1048576K
Event: 832.155 GC heap after
Heap after GC invocations=23 (full 3):
 PSYoungGen      total 116224K, used 9346K [0x00000000e0000000, 0x00000000e8280000, 0x0000000100000000)
  eden space 98816K, 0% used [0x00000000e0000000,0x00000000e0000000,0x00000000e6080000)
  from space 17408K, 53% used [0x00000000e7100000,0x00000000e7a20988,0x00000000e8200000)
  to   space 16896K, 0% used [0x00000000e6080000,0x00000000e6080000,0x00000000e7100000)
 ParOldGen       total 78336K, used 29874K [0x00000000a0000000, 0x00000000a4c80000, 0x00000000e0000000)
  object space 78336K, 38% used [0x00000000a0000000,0x00000000a1d2cb30,0x00000000a4c80000)
 Metaspace       used 63528K, capacity 65188K, committed 65536K, reserved 1105920K
  class space    used 8239K, capacity 8653K, committed 8704K, reserved 1048576K
}
Event: 862.658 GC heap before
{Heap before GC invocations=24 (full 3):
 PSYoungGen      total 116224K, used 108162K [0x00000000e0000000, 0x00000000e8280000, 0x0000000100000000)
  eden space 98816K, 100% used [0x00000000e0000000,0x00000000e6080000,0x00000000e6080000)
  from space 17408K, 53% used [0x00000000e7100000,0x00000000e7a20988,0x00000000e8200000)
  to   space 16896K, 0% used [0x00000000e6080000,0x00000000e6080000,0x00000000e7100000)
 ParOldGen       total 78336K, used 29874K [0x00000000a0000000, 0x00000000a4c80000, 0x00000000e0000000)
  object space 78336K, 38% used [0x00000000a0000000,0x00000000a1d2cb30,0x00000000a4c80000)
 Metaspace       used 68367K, capacity 70618K, committed 70656K, reserved 1110016K
  class space    used 8960K, capacity 9450K, committed 9472K, reserved 1048576K
Event: 862.689 GC heap after
Heap after GC invocations=24 (full 3):
 PSYoungGen      total 115712K, used 11348K [0x00000000e0000000, 0x00000000e9380000, 0x0000000100000000)
  eden space 98816K, 0% used [0x00000000e0000000,0x00000000e0000000,0x00000000e6080000)
  from space 16896K, 67% used [0x00000000e6080000,0x00000000e6b95168,0x00000000e7100000)
  to   space 16896K, 0% used [0x00000000e8300000,0x00000000e8300000,0x00000000e9380000)
 ParOldGen       total 78336K, used 29882K [0x00000000a0000000, 0x00000000a4c80000, 0x00000000e0000000)
  object space 78336K, 38% used [0x00000000a0000000,0x00000000a1d2eb30,0x00000000a4c80000)
 Metaspace       used 68367K, capacity 70618K, committed 70656K, reserved 1110016K
  class space    used 8960K, capacity 9450K, committed 9472K, reserved 1048576K
}
Event: 905.182 GC heap before
{Heap before GC invocations=25 (full 3):
 PSYoungGen      total 115712K, used 110164K [0x00000000e0000000, 0x00000000e9380000, 0x0000000100000000)
  eden space 98816K, 100% used [0x00000000e0000000,0x00000000e6080000,0x00000000e6080000)
  from space 16896K, 67% used [0x00000000e6080000,0x00000000e6b95168,0x00000000e7100000)
  to   space 16896K, 0% used [0x00000000e8300000,0x00000000e8300000,0x00000000e9380000)
 ParOldGen       total 78336K, used 29882K [0x00000000a0000000, 0x00000000a4c80000, 0x00000000e0000000)
  object space 78336K, 38% used [0x00000000a0000000,0x00000000a1d2eb30,0x00000000a4c80000)
 Metaspace       used 69999K, capacity 72304K, committed 72448K, reserved 1112064K
  class space    used 9122K, capacity 9619K, committed 9728K, reserved 1048576K
Event: 905.219 GC heap after
Heap after GC invocations=25 (full 3):
 PSYoungGen      total 131584K, used 15163K [0x00000000e0000000, 0x00000000e9400000, 0x0000000100000000)
  eden space 114688K, 0% used [0x00000000e0000000,0x00000000e0000000,0x00000000e7000000)
  from space 16896K, 89% used [0x00000000e8300000,0x00000000e91ced18,0x00000000e9380000)
  to   space 18432K, 0% used [0x00000000e7000000,0x00000000e7000000,0x00000000e8200000)
 ParOldGen       total 78336K, used 29890K [0x00000000a0000000, 0x00000000a4c80000, 0x00000000e0000000)
  object space 78336K, 38% used [0x00000000a0000000,0x00000000a1d30b30,0x00000000a4c80000)
 Metaspace       used 69999K, capacity 72304K, committed 72448K, reserved 1112064K
  class space    used 9122K, capacity 9619K, committed 9728K, reserved 1048576K
}
Event: 923.213 GC heap before
{Heap before GC invocations=26 (full 3):
 PSYoungGen      total 131584K, used 129851K [0x00000000e0000000, 0x00000000e9400000, 0x0000000100000000)
  eden space 114688K, 100% used [0x00000000e0000000,0x00000000e7000000,0x00000000e7000000)
  from space 16896K, 89% used [0x00000000e8300000,0x00000000e91ced18,0x00000000e9380000)
  to   space 18432K, 0% used [0x00000000e7000000,0x00000000e7000000,0x00000000e8200000)
 ParOldGen       total 78336K, used 29890K [0x00000000a0000000, 0x00000000a4c80000, 0x00000000e0000000)
  object space 78336K, 38% used [0x00000000a0000000,0x00000000a1d30b30,0x00000000a4c80000)
 Metaspace       used 71741K, capacity 74278K, committed 74496K, reserved 1114112K
  class space    used 9297K, capacity 9882K, committed 9984K, reserved 1048576K
Event: 923.244 GC heap after
Heap after GC invocations=26 (full 3):
 PSYoungGen      total 133120K, used 12361K [0x00000000e0000000, 0x00000000ea400000, 0x0000000100000000)
  eden space 114688K, 0% used [0x00000000e0000000,0x00000000e0000000,0x00000000e7000000)
  from space 18432K, 67% used [0x00000000e7000000,0x00000000e7c124a8,0x00000000e8200000)
  to   space 18432K, 0% used [0x00000000e9200000,0x00000000e9200000,0x00000000ea400000)
 ParOldGen       total 78336K, used 29898K [0x00000000a0000000, 0x00000000a4c80000, 0x00000000e0000000)
  object space 78336K, 38% used [0x00000000a0000000,0x00000000a1d32b30,0x00000000a4c80000)
 Metaspace       used 71741K, capacity 74278K, committed 74496K, reserved 1114112K
  class space    used 9297K, capacity 9882K, committed 9984K, reserved 1048576K
}
Event: 935.069 GC heap before
{Heap before GC invocations=27 (full 3):
 PSYoungGen      total 133120K, used 127049K [0x00000000e0000000, 0x00000000ea400000, 0x0000000100000000)
  eden space 114688K, 100% used [0x00000000e0000000,0x00000000e7000000,0x00000000e7000000)
  from space 18432K, 67% used [0x00000000e7000000,0x00000000e7c124a8,0x00000000e8200000)
  to   space 18432K, 0% used [0x00000000e9200000,0x00000000e9200000,0x00000000ea400000)
 ParOldGen       total 78336K, used 29898K [0x00000000a0000000, 0x00000000a4c80000, 0x00000000e0000000)
  object space 78336K, 38% used [0x00000000a0000000,0x00000000a1d32b30,0x00000000a4c80000)
 Metaspace       used 78503K, capacity 81304K, committed 81536K, reserved 1120256K
  class space    used 10232K, capacity 10865K, committed 10880K, reserved 1048576K
Event: 935.136 GC heap after
Heap after GC invocations=27 (full 3):
 PSYoungGen      total 144896K, used 18414K [0x00000000e0000000, 0x00000000eae00000, 0x0000000100000000)
  eden space 126464K, 0% used [0x00000000e0000000,0x00000000e0000000,0x00000000e7b80000)
  from space 18432K, 99% used [0x00000000e9200000,0x00000000ea3fba90,0x00000000ea400000)
  to   space 23040K, 0% used [0x00000000e7b80000,0x00000000e7b80000,0x00000000e9200000)
 ParOldGen       total 78336K, used 35441K [0x00000000a0000000, 0x00000000a4c80000, 0x00000000e0000000)
  object space 78336K, 45% used [0x00000000a0000000,0x00000000a229c518,0x00000000a4c80000)
 Metaspace       used 78503K, capacity 81304K, committed 81536K, reserved 1120256K
  class space    used 10232K, capacity 10865K, committed 10880K, reserved 1048576K
}

