# JRE version: OpenJDK Runtime Environment (8.0_202-b03) (build 1.8.0_202-release-1483-b03)
# Java VM: OpenJDK 64-Bit Server VM (25.202-b03 mixed mode windows-amd64 compressed oops)
Heap:
 PSYoungGen      total 161280K, used 15465K [0x00000000e0000000, 0x00000000eaf00000, 0x0000000100000000)
  eden space 149504K, 10% used [0x00000000e0000000,0x00000000e0f1a740,0x00000000e9200000)
  from space 11776K, 0% used [0x00000000ea380000,0x00000000ea380000,0x00000000eaf00000)
  to   space 13824K, 0% used [0x00000000e9400000,0x00000000e9400000,0x00000000ea180000)
 ParOldGen       total 53760K, used 28843K [0x00000000a0000000, 0x00000000a3480000, 0x00000000e0000000)
  object space 53760K, 53% used [0x00000000a0000000,0x00000000a1c2ae50,0x00000000a3480000)
 Metaspace       used 57947K, capacity 59784K, committed 59904K, reserved 1101824K
  class space    used 7745K, capacity 8151K, committed 8192K, reserved 1048576K
GC Heap History (10 events):
Event: 19.150 GC heap before
{Heap before GC invocations=13 (full 2):
 PSYoungGen      total 130048K, used 2328K [0x00000000e0000000, 0x00000000eaf00000, 0x0000000100000000)
  eden space 118272K, 0% used [0x00000000e0000000,0x00000000e0000000,0x00000000e7380000)
  from space 11776K, 19% used [0x00000000e7380000,0x00000000e75c60c0,0x00000000e7f00000)
  to   space 11776K, 0% used [0x00000000ea380000,0x00000000ea380000,0x00000000eaf00000)
 ParOldGen       total 37376K, used 18632K [0x00000000a0000000, 0x00000000a2480000, 0x00000000e0000000)
  object space 37376K, 49% used [0x00000000a0000000,0x00000000a1232010,0x00000000a2480000)
 Metaspace       used 34755K, capacity 35340K, committed 35456K, reserved 1079296K
  class space    used 4695K, capacity 4908K, committed 4992K, reserved 1048576K
Event: 19.300 GC heap after
Heap after GC invocations=13 (full 2):
 PSYoungGen      total 130048K, used 0K [0x00000000e0000000, 0x00000000eaf00000, 0x0000000100000000)
  eden space 118272K, 0% used [0x00000000e0000000,0x00000000e0000000,0x00000000e7380000)
  from space 11776K, 0% used [0x00000000e7380000,0x00000000e7380000,0x00000000e7f00000)
  to   space 11776K, 0% used [0x00000000ea380000,0x00000000ea380000,0x00000000eaf00000)
 ParOldGen       total 53760K, used 15030K [0x00000000a0000000, 0x00000000a3480000, 0x00000000e0000000)
  object space 53760K, 27% used [0x00000000a0000000,0x00000000a0eadad8,0x00000000a3480000)
 Metaspace       used 34676K, capacity 35248K, committed 35456K, reserved 1079296K
  class space    used 4671K, capacity 4880K, committed 4992K, reserved 1048576K
}
Event: 22.641 GC heap before
{Heap before GC invocations=14 (full 2):
 PSYoungGen      total 130048K, used 118272K [0x00000000e0000000, 0x00000000eaf00000, 0x0000000100000000)
  eden space 118272K, 100% used [0x00000000e0000000,0x00000000e7380000,0x00000000e7380000)
  from space 11776K, 0% used [0x00000000e7380000,0x00000000e7380000,0x00000000e7f00000)
  to   space 11776K, 0% used [0x00000000ea380000,0x00000000ea380000,0x00000000eaf00000)
 ParOldGen       total 53760K, used 15030K [0x00000000a0000000, 0x00000000a3480000, 0x00000000e0000000)
  object space 53760K, 27% used [0x00000000a0000000,0x00000000a0eadad8,0x00000000a3480000)
 Metaspace       used 44736K, capacity 45972K, committed 46208K, reserved 1089536K
  class space    used 5923K, capacity 6215K, committed 6272K, reserved 1048576K
Event: 22.667 GC heap after
Heap after GC invocations=14 (full 2):
 PSYoungGen      total 161280K, used 11750K [0x00000000e0000000, 0x00000000eaf00000, 0x0000000100000000)
  eden space 149504K, 0% used [0x00000000e0000000,0x00000000e0000000,0x00000000e9200000)
  from space 11776K, 99% used [0x00000000ea380000,0x00000000eaef98d8,0x00000000eaf00000)
  to   space 13824K, 0% used [0x00000000e9400000,0x00000000e9400000,0x00000000ea180000)
 ParOldGen       total 53760K, used 16068K [0x00000000a0000000, 0x00000000a3480000, 0x00000000e0000000)
  object space 53760K, 29% used [0x00000000a0000000,0x00000000a0fb1388,0x00000000a3480000)
 Metaspace       used 44736K, capacity 45972K, committed 46208K, reserved 1089536K
  class space    used 5923K, capacity 6215K, committed 6272K, reserved 1048576K
}
Event: 27.077 GC heap before
{Heap before GC invocations=15 (full 2):
 PSYoungGen      total 161280K, used 161254K [0x00000000e0000000, 0x00000000eaf00000, 0x0000000100000000)
  eden space 149504K, 100% used [0x00000000e0000000,0x00000000e9200000,0x00000000e9200000)
  from space 11776K, 99% used [0x00000000ea380000,0x00000000eaef98d8,0x00000000eaf00000)
  to   space 13824K, 0% used [0x00000000e9400000,0x00000000e9400000,0x00000000ea180000)
 ParOldGen       total 53760K, used 16068K [0x00000000a0000000, 0x00000000a3480000, 0x00000000e0000000)
  object space 53760K, 29% used [0x00000000a0000000,0x00000000a0fb1388,0x00000000a3480000)
 Metaspace       used 55857K, capacity 57686K, committed 57856K, reserved 1099776K
  class space    used 7466K, capacity 7858K, committed 7936K, reserved 1048576K
Event: 27.126 GC heap after
Heap after GC invocations=15 (full 2):
 PSYoungGen      total 163328K, used 13812K [0x00000000e0000000, 0x00000000eaf00000, 0x0000000100000000)
  eden space 149504K, 0% used [0x00000000e0000000,0x00000000e0000000,0x00000000e9200000)
  from space 13824K, 99% used [0x00000000e9400000,0x00000000ea17d338,0x00000000ea180000)
  to   space 11776K, 0% used [0x00000000ea380000,0x00000000ea380000,0x00000000eaf00000)
 ParOldGen       total 53760K, used 24997K [0x00000000a0000000, 0x00000000a3480000, 0x00000000e0000000)
  object space 53760K, 46% used [0x00000000a0000000,0x00000000a1869788,0x00000000a3480000)
 Metaspace       used 55857K, capacity 57686K, committed 57856K, reserved 1099776K
  class space    used 7466K, capacity 7858K, committed 7936K, reserved 1048576K
}
Event: 28.641 GC heap before
{Heap before GC invocations=16 (full 2):
 PSYoungGen      total 163328K, used 29124K [0x00000000e0000000, 0x00000000eaf00000, 0x0000000100000000)
  eden space 149504K, 10% used [0x00000000e0000000,0x00000000e0ef3dd0,0x00000000e9200000)
  from space 13824K, 99% used [0x00000000e9400000,0x00000000ea17d338,0x00000000ea180000)
  to   space 11776K, 0% used [0x00000000ea380000,0x00000000ea380000,0x00000000eaf00000)
 ParOldGen       total 53760K, used 24997K [0x00000000a0000000, 0x00000000a3480000, 0x00000000e0000000)
  object space 53760K, 46% used [0x00000000a0000000,0x00000000a1869788,0x00000000a3480000)
 Metaspace       used 57191K, capacity 59026K, committed 59096K, reserved 1099776K
  class space    used 7618K, capacity 8038K, committed 8064K, reserved 1048576K
Event: 28.667 GC heap after
Heap after GC invocations=16 (full 2):
 PSYoungGen      total 161280K, used 1392K [0x00000000e0000000, 0x00000000eaf00000, 0x0000000100000000)
  eden space 149504K, 0% used [0x00000000e0000000,0x00000000e0000000,0x00000000e9200000)
  from space 11776K, 11% used [0x00000000ea380000,0x00000000ea4dc010,0x00000000eaf00000)
  to   space 13824K, 0% used [0x00000000e9400000,0x00000000e9400000,0x00000000ea180000)
 ParOldGen       total 53760K, used 33876K [0x00000000a0000000, 0x00000000a3480000, 0x00000000e0000000)
  object space 53760K, 63% used [0x00000000a0000000,0x00000000a2115120,0x00000000a3480000)
 Metaspace       used 57191K, capacity 59026K, committed 59096K, reserved 1099776K
  class space    used 7618K, capacity 8038K, committed 8064K, reserved 1048576K
}
Event: 28.667 GC heap before
{Heap before GC invocations=17 (full 3):
 PSYoungGen      total 161280K, used 1392K [0x00000000e0000000, 0x00000000eaf00000, 0x0000000100000000)
  eden space 149504K, 0% used [0x00000000e0000000,0x00000000e0000000,0x00000000e9200000)
  from space 11776K, 11% used [0x00000000ea380000,0x00000000ea4dc010,0x00000000eaf00000)
  to   space 13824K, 0% used [0x00000000e9400000,0x00000000e9400000,0x00000000ea180000)
 ParOldGen       total 53760K, used 33876K [0x00000000a0000000, 0x00000000a3480000, 0x00000000e0000000)
  object space 53760K, 63% used [0x00000000a0000000,0x00000000a2115120,0x00000000a3480000)
 Metaspace       used 57191K, capacity 59026K, committed 59096K, reserved 1099776K
  class space    used 7618K, capacity 8038K, committed 8064K, reserved 1048576K
Event: 29.100 GC heap after
Heap after GC invocations=17 (full 3):
 PSYoungGen      total 161280K, used 0K [0x00000000e0000000, 0x00000000eaf00000, 0x0000000100000000)
  eden space 149504K, 0% used [0x00000000e0000000,0x00000000e0000000,0x00000000e9200000)
  from space 11776K, 0% used [0x00000000ea380000,0x00000000ea380000,0x00000000eaf00000)
  to   space 13824K, 0% used [0x00000000e9400000,0x00000000e9400000,0x00000000ea180000)
 ParOldGen       total 53760K, used 28843K [0x00000000a0000000, 0x00000000a3480000, 0x00000000e0000000)
  object space 53760K, 53% used [0x00000000a0000000,0x00000000a1c2ae50,0x00000000a3480000)
 Metaspace       used 57177K, capacity 58978K, committed 59096K, reserved 1099776K
  class space    used 7614K, capacity 8030K, committed 8064K, reserved 1048576K
}

