# JRE version: OpenJDK Runtime Environment (8.0_202-b03) (build 1.8.0_202-release-1483-b03)
# Java VM: OpenJDK 64-Bit Server VM (25.202-b03 mixed mode windows-amd64 compressed oops)
Heap:
 PSYoungGen      total 147456K, used 126568K [0x00000000e0000000, 0x00000000ed000000, 0x0000000100000000)
  eden space 135680K, 84% used [0x00000000e0000000,0x00000000e701cc50,0x00000000e8480000)
  from space 11776K, 99% used [0x00000000e8480000,0x00000000e8ffd638,0x00000000e9000000)
  to   space 15360K, 0% used [0x00000000ec100000,0x00000000ec100000,0x00000000ed000000)
 ParOldGen       total 49664K, used 21027K [0x00000000a0000000, 0x00000000a3080000, 0x00000000e0000000)
  object space 49664K, 42% used [0x00000000a0000000,0x00000000a1488d30,0x00000000a3080000)
 Metaspace       used 54990K, capacity 56888K, committed 57088K, reserved 1097728K
  class space    used 7477K, capacity 7865K, committed 7936K, reserved 1048576K
GC Heap History (10 events):
Event: 14.809 GC heap before
{Heap before GC invocations=9 (full 1):
 PSYoungGen      total 65024K, used 58880K [0x00000000e0000000, 0x00000000e8500000, 0x0000000100000000)
  eden space 58880K, 100% used [0x00000000e0000000,0x00000000e3980000,0x00000000e3980000)
  from space 6144K, 0% used [0x00000000e3980000,0x00000000e3980000,0x00000000e3f80000)
  to   space 9216K, 0% used [0x00000000e7c00000,0x00000000e7c00000,0x00000000e8500000)
 ParOldGen       total 37376K, used 12172K [0x00000000a0000000, 0x00000000a2480000, 0x00000000e0000000)
  object space 37376K, 32% used [0x00000000a0000000,0x00000000a0be3338,0x00000000a2480000)
 Metaspace       used 27787K, capacity 28300K, committed 28544K, reserved 1073152K
  class space    used 3797K, capacity 3965K, committed 3968K, reserved 1048576K
Event: 14.836 GC heap after
Heap after GC invocations=9 (full 1):
 PSYoungGen      total 105472K, used 6941K [0x00000000e0000000, 0x00000000e8300000, 0x0000000100000000)
  eden space 98304K, 0% used [0x00000000e0000000,0x00000000e0000000,0x00000000e6000000)
  from space 7168K, 96% used [0x00000000e7c00000,0x00000000e82c7590,0x00000000e8300000)
  to   space 9728K, 0% used [0x00000000e7000000,0x00000000e7000000,0x00000000e7980000)
 ParOldGen       total 37376K, used 12180K [0x00000000a0000000, 0x00000000a2480000, 0x00000000e0000000)
  object space 37376K, 32% used [0x00000000a0000000,0x00000000a0be5338,0x00000000a2480000)
 Metaspace       used 27787K, capacity 28300K, committed 28544K, reserved 1073152K
  class space    used 3797K, capacity 3965K, committed 3968K, reserved 1048576K
}
Event: 23.146 GC heap before
{Heap before GC invocations=10 (full 1):
 PSYoungGen      total 105472K, used 105245K [0x00000000e0000000, 0x00000000e8300000, 0x0000000100000000)
  eden space 98304K, 100% used [0x00000000e0000000,0x00000000e6000000,0x00000000e6000000)
  from space 7168K, 96% used [0x00000000e7c00000,0x00000000e82c7590,0x00000000e8300000)
  to   space 9728K, 0% used [0x00000000e7000000,0x00000000e7000000,0x00000000e7980000)
 ParOldGen       total 37376K, used 12180K [0x00000000a0000000, 0x00000000a2480000, 0x00000000e0000000)
  object space 37376K, 32% used [0x00000000a0000000,0x00000000a0be5338,0x00000000a2480000)
 Metaspace       used 33592K, capacity 34490K, committed 34560K, reserved 1079296K
  class space    used 4650K, capacity 4849K, committed 4864K, reserved 1048576K
Event: 23.179 GC heap after
Heap after GC invocations=10 (full 1):
 PSYoungGen      total 124416K, used 9726K [0x00000000e0000000, 0x00000000e9c00000, 0x0000000100000000)
  eden space 114688K, 0% used [0x00000000e0000000,0x00000000e0000000,0x00000000e7000000)
  from space 9728K, 99% used [0x00000000e7000000,0x00000000e797fab0,0x00000000e7980000)
  to   space 12288K, 0% used [0x00000000e9000000,0x00000000e9000000,0x00000000e9c00000)
 ParOldGen       total 37376K, used 14479K [0x00000000a0000000, 0x00000000a2480000, 0x00000000e0000000)
  object space 37376K, 38% used [0x00000000a0000000,0x00000000a0e23c00,0x00000000a2480000)
 Metaspace       used 33592K, capacity 34490K, committed 34560K, reserved 1079296K
  class space    used 4650K, capacity 4849K, committed 4864K, reserved 1048576K
}
Event: 24.071 GC heap before
{Heap before GC invocations=11 (full 1):
 PSYoungGen      total 124416K, used 28591K [0x00000000e0000000, 0x00000000e9c00000, 0x0000000100000000)
  eden space 114688K, 16% used [0x00000000e0000000,0x00000000e126c228,0x00000000e7000000)
  from space 9728K, 99% used [0x00000000e7000000,0x00000000e797fab0,0x00000000e7980000)
  to   space 12288K, 0% used [0x00000000e9000000,0x00000000e9000000,0x00000000e9c00000)
 ParOldGen       total 37376K, used 14479K [0x00000000a0000000, 0x00000000a2480000, 0x00000000e0000000)
  object space 37376K, 38% used [0x00000000a0000000,0x00000000a0e23c00,0x00000000a2480000)
 Metaspace       used 34522K, capacity 35440K, committed 35456K, reserved 1079296K
  class space    used 4769K, capacity 4988K, committed 4992K, reserved 1048576K
Event: 24.090 GC heap after
Heap after GC invocations=11 (full 1):
 PSYoungGen      total 147968K, used 6237K [0x00000000e0000000, 0x00000000eb400000, 0x0000000100000000)
  eden space 135680K, 0% used [0x00000000e0000000,0x00000000e0000000,0x00000000e8480000)
  from space 12288K, 50% used [0x00000000e9000000,0x00000000e9617688,0x00000000e9c00000)
  to   space 11776K, 0% used [0x00000000e8480000,0x00000000e8480000,0x00000000e9000000)
 ParOldGen       total 37376K, used 17248K [0x00000000a0000000, 0x00000000a2480000, 0x00000000e0000000)
  object space 37376K, 46% used [0x00000000a0000000,0x00000000a10d8340,0x00000000a2480000)
 Metaspace       used 34522K, capacity 35440K, committed 35456K, reserved 1079296K
  class space    used 4769K, capacity 4988K, committed 4992K, reserved 1048576K
}
Event: 24.090 GC heap before
{Heap before GC invocations=12 (full 2):
 PSYoungGen      total 147968K, used 6237K [0x00000000e0000000, 0x00000000eb400000, 0x0000000100000000)
  eden space 135680K, 0% used [0x00000000e0000000,0x00000000e0000000,0x00000000e8480000)
  from space 12288K, 50% used [0x00000000e9000000,0x00000000e9617688,0x00000000e9c00000)
  to   space 11776K, 0% used [0x00000000e8480000,0x00000000e8480000,0x00000000e9000000)
 ParOldGen       total 37376K, used 17248K [0x00000000a0000000, 0x00000000a2480000, 0x00000000e0000000)
  object space 37376K, 46% used [0x00000000a0000000,0x00000000a10d8340,0x00000000a2480000)
 Metaspace       used 34522K, capacity 35440K, committed 35456K, reserved 1079296K
  class space    used 4769K, capacity 4988K, committed 4992K, reserved 1048576K
Event: 24.225 GC heap after
Heap after GC invocations=12 (full 2):
 PSYoungGen      total 147968K, used 0K [0x00000000e0000000, 0x00000000eb400000, 0x0000000100000000)
  eden space 135680K, 0% used [0x00000000e0000000,0x00000000e0000000,0x00000000e8480000)
  from space 12288K, 0% used [0x00000000e9000000,0x00000000e9000000,0x00000000e9c00000)
  to   space 11776K, 0% used [0x00000000e8480000,0x00000000e8480000,0x00000000e9000000)
 ParOldGen       total 49664K, used 15815K [0x00000000a0000000, 0x00000000a3080000, 0x00000000e0000000)
  object space 49664K, 31% used [0x00000000a0000000,0x00000000a0f71fc8,0x00000000a3080000)
 Metaspace       used 34522K, capacity 35440K, committed 35456K, reserved 1079296K
  class space    used 4769K, capacity 4988K, committed 4992K, reserved 1048576K
}
Event: 32.385 GC heap before
{Heap before GC invocations=13 (full 2):
 PSYoungGen      total 147968K, used 135680K [0x00000000e0000000, 0x00000000eb400000, 0x0000000100000000)
  eden space 135680K, 100% used [0x00000000e0000000,0x00000000e8480000,0x00000000e8480000)
  from space 12288K, 0% used [0x00000000e9000000,0x00000000e9000000,0x00000000e9c00000)
  to   space 11776K, 0% used [0x00000000e8480000,0x00000000e8480000,0x00000000e9000000)
 ParOldGen       total 49664K, used 15815K [0x00000000a0000000, 0x00000000a3080000, 0x00000000e0000000)
  object space 49664K, 31% used [0x00000000a0000000,0x00000000a0f71fc8,0x00000000a3080000)
 Metaspace       used 45958K, capacity 47276K, committed 47488K, reserved 1089536K
  class space    used 6197K, capacity 6508K, committed 6528K, reserved 1048576K
Event: 32.476 GC heap after
Heap after GC invocations=13 (full 2):
 PSYoungGen      total 147456K, used 11765K [0x00000000e0000000, 0x00000000ed000000, 0x0000000100000000)
  eden space 135680K, 0% used [0x00000000e0000000,0x00000000e0000000,0x00000000e8480000)
  from space 11776K, 99% used [0x00000000e8480000,0x00000000e8ffd638,0x00000000e9000000)
  to   space 15360K, 0% used [0x00000000ec100000,0x00000000ec100000,0x00000000ed000000)
 ParOldGen       total 49664K, used 21027K [0x00000000a0000000, 0x00000000a3080000, 0x00000000e0000000)
  object space 49664K, 42% used [0x00000000a0000000,0x00000000a1488d30,0x00000000a3080000)
 Metaspace       used 45958K, capacity 47276K, committed 47488K, reserved 1089536K
  class space    used 6197K, capacity 6508K, committed 6528K, reserved 1048576K
}

