# JRE version: OpenJDK Runtime Environment (8.0_202-b03) (build 1.8.0_202-release-1483-b03)
# Java VM: OpenJDK 64-Bit Server VM (25.202-b03 mixed mode windows-amd64 compressed oops)
Heap:
 PSYoungGen      total 168960K, used 131710K [0x00000000e0000000, 0x00000000eb280000, 0x0000000100000000)
  eden space 158208K, 81% used [0x00000000e0000000,0x00000000e7d3e3b8,0x00000000e9a80000)
  from space 10752K, 32% used [0x00000000ea800000,0x00000000eab61598,0x00000000eb280000)
  to   space 12288K, 0% used [0x00000000e9a80000,0x00000000e9a80000,0x00000000ea680000)
 ParOldGen       total 87040K, used 46923K [0x00000000a0000000, 0x00000000a5500000, 0x00000000e0000000)
  object space 87040K, 53% used [0x00000000a0000000,0x00000000a2dd2fe0,0x00000000a5500000)
 Metaspace       used 71536K, capacity 74208K, committed 74392K, reserved 1114112K
  class space    used 9517K, capacity 10075K, committed 10152K, reserved 1048576K
GC Heap History (10 events):
Event: 131.881 GC heap before
{Heap before GC invocations=62 (full 4):
 PSYoungGen      total 137216K, used 132245K [0x00000000e0000000, 0x00000000ea000000, 0x0000000100000000)
  eden space 124416K, 100% used [0x00000000e0000000,0x00000000e7980000,0x00000000e7980000)
  from space 12800K, 61% used [0x00000000e7980000,0x00000000e8125710,0x00000000e8600000)
  to   space 13312K, 0% used [0x00000000e9300000,0x00000000e9300000,0x00000000ea000000)
 ParOldGen       total 87040K, used 46875K [0x00000000a0000000, 0x00000000a5500000, 0x00000000e0000000)
  object space 87040K, 53% used [0x00000000a0000000,0x00000000a2dc6fe0,0x00000000a5500000)
 Metaspace       used 70828K, capacity 73422K, committed 73496K, reserved 1112064K
  class space    used 9457K, capacity 9984K, committed 10024K, reserved 1048576K
Event: 131.911 GC heap after
Heap after GC invocations=62 (full 4):
 PSYoungGen      total 149504K, used 6929K [0x00000000e0000000, 0x00000000e9f80000, 0x0000000100000000)
  eden space 136704K, 0% used [0x00000000e0000000,0x00000000e0000000,0x00000000e8580000)
  from space 12800K, 54% used [0x00000000e9300000,0x00000000e99c4438,0x00000000e9f80000)
  to   space 13312K, 0% used [0x00000000e8580000,0x00000000e8580000,0x00000000e9280000)
 ParOldGen       total 87040K, used 46907K [0x00000000a0000000, 0x00000000a5500000, 0x00000000e0000000)
  object space 87040K, 53% used [0x00000000a0000000,0x00000000a2dcefe0,0x00000000a5500000)
 Metaspace       used 70828K, capacity 73422K, committed 73496K, reserved 1112064K
  class space    used 9457K, capacity 9984K, committed 10024K, reserved 1048576K
}
Event: 135.089 GC heap before
{Heap before GC invocations=63 (full 4):
 PSYoungGen      total 149504K, used 143633K [0x00000000e0000000, 0x00000000e9f80000, 0x0000000100000000)
  eden space 136704K, 100% used [0x00000000e0000000,0x00000000e8580000,0x00000000e8580000)
  from space 12800K, 54% used [0x00000000e9300000,0x00000000e99c4438,0x00000000e9f80000)
  to   space 13312K, 0% used [0x00000000e8580000,0x00000000e8580000,0x00000000e9280000)
 ParOldGen       total 87040K, used 46907K [0x00000000a0000000, 0x00000000a5500000, 0x00000000e0000000)
  object space 87040K, 53% used [0x00000000a0000000,0x00000000a2dcefe0,0x00000000a5500000)
 Metaspace       used 70844K, capacity 73434K, committed 73496K, reserved 1112064K
  class space    used 9458K, capacity 9986K, committed 10024K, reserved 1048576K
Event: 135.118 GC heap after
Heap after GC invocations=63 (full 4):
 PSYoungGen      total 150016K, used 7382K [0x00000000e0000000, 0x00000000eac00000, 0x0000000100000000)
  eden space 136704K, 0% used [0x00000000e0000000,0x00000000e0000000,0x00000000e8580000)
  from space 13312K, 55% used [0x00000000e8580000,0x00000000e8cb58c0,0x00000000e9280000)
  to   space 13312K, 0% used [0x00000000e9f00000,0x00000000e9f00000,0x00000000eac00000)
 ParOldGen       total 87040K, used 46915K [0x00000000a0000000, 0x00000000a5500000, 0x00000000e0000000)
  object space 87040K, 53% used [0x00000000a0000000,0x00000000a2dd0fe0,0x00000000a5500000)
 Metaspace       used 70844K, capacity 73434K, committed 73496K, reserved 1112064K
  class space    used 9458K, capacity 9986K, committed 10024K, reserved 1048576K
}
Event: 138.185 GC heap before
{Heap before GC invocations=64 (full 4):
 PSYoungGen      total 150016K, used 144086K [0x00000000e0000000, 0x00000000eac00000, 0x0000000100000000)
  eden space 136704K, 100% used [0x00000000e0000000,0x00000000e8580000,0x00000000e8580000)
  from space 13312K, 55% used [0x00000000e8580000,0x00000000e8cb58c0,0x00000000e9280000)
  to   space 13312K, 0% used [0x00000000e9f00000,0x00000000e9f00000,0x00000000eac00000)
 ParOldGen       total 87040K, used 46915K [0x00000000a0000000, 0x00000000a5500000, 0x00000000e0000000)
  object space 87040K, 53% used [0x00000000a0000000,0x00000000a2dd0fe0,0x00000000a5500000)
 Metaspace       used 70866K, capacity 73442K, committed 73496K, reserved 1112064K
  class space    used 9459K, capacity 9988K, committed 10024K, reserved 1048576K
Event: 138.196 GC heap after
Heap after GC invocations=64 (full 4):
 PSYoungGen      total 159744K, used 760K [0x00000000e0000000, 0x00000000eaa80000, 0x0000000100000000)
  eden space 147968K, 0% used [0x00000000e0000000,0x00000000e0000000,0x00000000e9080000)
  from space 11776K, 6% used [0x00000000e9f00000,0x00000000e9fbe3a0,0x00000000eaa80000)
  to   space 13312K, 0% used [0x00000000e9080000,0x00000000e9080000,0x00000000e9d80000)
 ParOldGen       total 87040K, used 46915K [0x00000000a0000000, 0x00000000a5500000, 0x00000000e0000000)
  object space 87040K, 53% used [0x00000000a0000000,0x00000000a2dd0fe0,0x00000000a5500000)
 Metaspace       used 70866K, capacity 73442K, committed 73496K, reserved 1112064K
  class space    used 9459K, capacity 9988K, committed 10024K, reserved 1048576K
}
Event: 142.312 GC heap before
{Heap before GC invocations=65 (full 4):
 PSYoungGen      total 159744K, used 148728K [0x00000000e0000000, 0x00000000eaa80000, 0x0000000100000000)
  eden space 147968K, 100% used [0x00000000e0000000,0x00000000e9080000,0x00000000e9080000)
  from space 11776K, 6% used [0x00000000e9f00000,0x00000000e9fbe3a0,0x00000000eaa80000)
  to   space 13312K, 0% used [0x00000000e9080000,0x00000000e9080000,0x00000000e9d80000)
 ParOldGen       total 87040K, used 46915K [0x00000000a0000000, 0x00000000a5500000, 0x00000000e0000000)
  object space 87040K, 53% used [0x00000000a0000000,0x00000000a2dd0fe0,0x00000000a5500000)
 Metaspace       used 70908K, capacity 73442K, committed 73496K, reserved 1112064K
  class space    used 9459K, capacity 9988K, committed 10024K, reserved 1048576K
Event: 142.321 GC heap after
Heap after GC invocations=65 (full 4):
 PSYoungGen      total 161280K, used 728K [0x00000000e0000000, 0x00000000eb500000, 0x0000000100000000)
  eden space 147968K, 0% used [0x00000000e0000000,0x00000000e0000000,0x00000000e9080000)
  from space 13312K, 5% used [0x00000000e9080000,0x00000000e91363a0,0x00000000e9d80000)
  to   space 13312K, 0% used [0x00000000ea800000,0x00000000ea800000,0x00000000eb500000)
 ParOldGen       total 87040K, used 46923K [0x00000000a0000000, 0x00000000a5500000, 0x00000000e0000000)
  object space 87040K, 53% used [0x00000000a0000000,0x00000000a2dd2fe0,0x00000000a5500000)
 Metaspace       used 70908K, capacity 73442K, committed 73496K, reserved 1112064K
  class space    used 9459K, capacity 9988K, committed 10024K, reserved 1048576K
}
Event: 145.212 GC heap before
{Heap before GC invocations=66 (full 4):
 PSYoungGen      total 161280K, used 148696K [0x00000000e0000000, 0x00000000eb500000, 0x0000000100000000)
  eden space 147968K, 100% used [0x00000000e0000000,0x00000000e9080000,0x00000000e9080000)
  from space 13312K, 5% used [0x00000000e9080000,0x00000000e91363a0,0x00000000e9d80000)
  to   space 13312K, 0% used [0x00000000ea800000,0x00000000ea800000,0x00000000eb500000)
 ParOldGen       total 87040K, used 46923K [0x00000000a0000000, 0x00000000a5500000, 0x00000000e0000000)
  object space 87040K, 53% used [0x00000000a0000000,0x00000000a2dd2fe0,0x00000000a5500000)
 Metaspace       used 70921K, capacity 73452K, committed 73496K, reserved 1112064K
  class space    used 9460K, capacity 9989K, committed 10024K, reserved 1048576K
Event: 145.234 GC heap after
Heap after GC invocations=66 (full 4):
 PSYoungGen      total 168960K, used 3461K [0x00000000e0000000, 0x00000000eb280000, 0x0000000100000000)
  eden space 158208K, 0% used [0x00000000e0000000,0x00000000e0000000,0x00000000e9a80000)
  from space 10752K, 32% used [0x00000000ea800000,0x00000000eab61598,0x00000000eb280000)
  to   space 12288K, 0% used [0x00000000e9a80000,0x00000000e9a80000,0x00000000ea680000)
 ParOldGen       total 87040K, used 46923K [0x00000000a0000000, 0x00000000a5500000, 0x00000000e0000000)
  object space 87040K, 53% used [0x00000000a0000000,0x00000000a2dd2fe0,0x00000000a5500000)
 Metaspace       used 70921K, capacity 73452K, committed 73496K, reserved 1112064K
  class space    used 9460K, capacity 9989K, committed 10024K, reserved 1048576K
}

