# JRE version: OpenJDK Runtime Environment (8.0_202-b03) (build 1.8.0_202-release-1483-b03)
# Java VM: OpenJDK 64-Bit Server VM (25.202-b03 mixed mode windows-amd64 compressed oops)
Heap:
 PSYoungGen      total 355840K, used 55485K [0x00000000e0000000, 0x00000000f8100000, 0x0000000100000000)
  eden space 338944K, 16% used [0x00000000e0000000,0x00000000e362f4c0,0x00000000f4b00000)
  from space 16896K, 0% used [0x00000000f7080000,0x00000000f7080000,0x00000000f8100000)
  to   space 27648K, 0% used [0x00000000f4b00000,0x00000000f4b00000,0x00000000f6600000)
 ParOldGen       total 116224K, used 102600K [0x00000000a0000000, 0x00000000a7180000, 0x00000000e0000000)
  object space 116224K, 88% used [0x00000000a0000000,0x00000000a6432038,0x00000000a7180000)
 Metaspace       used 89618K, capacity 94074K, committed 94336K, reserved 1130496K
  class space    used 11535K, capacity 12366K, committed 12416K, reserved 1048576K
GC Heap History (10 events):
Event: 1303.606 GC heap before
{Heap before GC invocations=26 (full 5):
 PSYoungGen      total 355840K, used 341324K [0x00000000e0000000, 0x00000000f8100000, 0x0000000100000000)
  eden space 338944K, 100% used [0x00000000e0000000,0x00000000f4b00000,0x00000000f4b00000)
  from space 16896K, 14% used [0x00000000f7080000,0x00000000f72d3330,0x00000000f8100000)
  to   space 27648K, 0% used [0x00000000f4b00000,0x00000000f4b00000,0x00000000f6600000)
 ParOldGen       total 100864K, used 67791K [0x00000000a0000000, 0x00000000a6280000, 0x00000000e0000000)
  object space 100864K, 67% used [0x00000000a0000000,0x00000000a4233fe8,0x00000000a6280000)
 Metaspace       used 88642K, capacity 93002K, committed 93184K, reserved 1130496K
  class space    used 11449K, capacity 12284K, committed 12288K, reserved 1048576K
Event: 1303.639 GC heap after
Heap after GC invocations=26 (full 5):
 PSYoungGen      total 366592K, used 9512K [0x00000000e0000000, 0x00000000f8100000, 0x0000000100000000)
  eden space 338944K, 0% used [0x00000000e0000000,0x00000000e0000000,0x00000000f4b00000)
  from space 27648K, 34% used [0x00000000f4b00000,0x00000000f544a040,0x00000000f6600000)
  to   space 16896K, 0% used [0x00000000f7080000,0x00000000f7080000,0x00000000f8100000)
 ParOldGen       total 100864K, used 67791K [0x00000000a0000000, 0x00000000a6280000, 0x00000000e0000000)
  object space 100864K, 67% used [0x00000000a0000000,0x00000000a4233fe8,0x00000000a6280000)
 Metaspace       used 88642K, capacity 93002K, committed 93184K, reserved 1130496K
  class space    used 11449K, capacity 12284K, committed 12288K, reserved 1048576K
}
Event: 1310.246 GC heap before
{Heap before GC invocations=27 (full 5):
 PSYoungGen      total 366592K, used 348456K [0x00000000e0000000, 0x00000000f8100000, 0x0000000100000000)
  eden space 338944K, 100% used [0x00000000e0000000,0x00000000f4b00000,0x00000000f4b00000)
  from space 27648K, 34% used [0x00000000f4b00000,0x00000000f544a040,0x00000000f6600000)
  to   space 16896K, 0% used [0x00000000f7080000,0x00000000f7080000,0x00000000f8100000)
 ParOldGen       total 100864K, used 67791K [0x00000000a0000000, 0x00000000a6280000, 0x00000000e0000000)
  object space 100864K, 67% used [0x00000000a0000000,0x00000000a4233fe8,0x00000000a6280000)
 Metaspace       used 88679K, capacity 93010K, committed 93184K, reserved 1130496K
  class space    used 11450K, capacity 12286K, committed 12288K, reserved 1048576K
Event: 1310.257 GC heap after
Heap after GC invocations=27 (full 5):
 PSYoungGen      total 355840K, used 2677K [0x00000000e0000000, 0x00000000f8100000, 0x0000000100000000)
  eden space 338944K, 0% used [0x00000000e0000000,0x00000000e0000000,0x00000000f4b00000)
  from space 16896K, 15% used [0x00000000f7080000,0x00000000f731d5f0,0x00000000f8100000)
  to   space 27648K, 0% used [0x00000000f4b00000,0x00000000f4b00000,0x00000000f6600000)
 ParOldGen       total 100864K, used 67799K [0x00000000a0000000, 0x00000000a6280000, 0x00000000e0000000)
  object space 100864K, 67% used [0x00000000a0000000,0x00000000a4235fe8,0x00000000a6280000)
 Metaspace       used 88679K, capacity 93010K, committed 93184K, reserved 1130496K
  class space    used 11450K, capacity 12286K, committed 12288K, reserved 1048576K
}
Event: 1316.528 GC heap before
{Heap before GC invocations=28 (full 5):
 PSYoungGen      total 355840K, used 341621K [0x00000000e0000000, 0x00000000f8100000, 0x0000000100000000)
  eden space 338944K, 100% used [0x00000000e0000000,0x00000000f4b00000,0x00000000f4b00000)
  from space 16896K, 15% used [0x00000000f7080000,0x00000000f731d5f0,0x00000000f8100000)
  to   space 27648K, 0% used [0x00000000f4b00000,0x00000000f4b00000,0x00000000f6600000)
 ParOldGen       total 100864K, used 67799K [0x00000000a0000000, 0x00000000a6280000, 0x00000000e0000000)
  object space 100864K, 67% used [0x00000000a0000000,0x00000000a4235fe8,0x00000000a6280000)
 Metaspace       used 88990K, capacity 93444K, committed 93568K, reserved 1130496K
  class space    used 11490K, capacity 12335K, committed 12416K, reserved 1048576K
Event: 1316.620 GC heap after
Heap after GC invocations=28 (full 5):
 PSYoungGen      total 366592K, used 12044K [0x00000000e0000000, 0x00000000f8100000, 0x0000000100000000)
  eden space 338944K, 0% used [0x00000000e0000000,0x00000000e0000000,0x00000000f4b00000)
  from space 27648K, 43% used [0x00000000f4b00000,0x00000000f56c3210,0x00000000f6600000)
  to   space 16896K, 0% used [0x00000000f7080000,0x00000000f7080000,0x00000000f8100000)
 ParOldGen       total 100864K, used 67807K [0x00000000a0000000, 0x00000000a6280000, 0x00000000e0000000)
  object space 100864K, 67% used [0x00000000a0000000,0x00000000a4237fe8,0x00000000a6280000)
 Metaspace       used 88990K, capacity 93444K, committed 93568K, reserved 1130496K
  class space    used 11490K, capacity 12335K, committed 12416K, reserved 1048576K
}
Event: 1325.976 GC heap before
{Heap before GC invocations=29 (full 5):
 PSYoungGen      total 366592K, used 347752K [0x00000000e0000000, 0x00000000f8100000, 0x0000000100000000)
  eden space 338944K, 99% used [0x00000000e0000000,0x00000000f47d6f28,0x00000000f4b00000)
  from space 27648K, 43% used [0x00000000f4b00000,0x00000000f56c3210,0x00000000f6600000)
  to   space 16896K, 0% used [0x00000000f7080000,0x00000000f7080000,0x00000000f8100000)
 ParOldGen       total 100864K, used 71903K [0x00000000a0000000, 0x00000000a6280000, 0x00000000e0000000)
  object space 100864K, 71% used [0x00000000a0000000,0x00000000a4637ff8,0x00000000a6280000)
 Metaspace       used 89618K, capacity 94092K, committed 94336K, reserved 1130496K
  class space    used 11535K, capacity 12367K, committed 12416K, reserved 1048576K
Event: 1326.064 GC heap after
Heap after GC invocations=29 (full 5):
 PSYoungGen      total 355840K, used 16892K [0x00000000e0000000, 0x00000000f8100000, 0x0000000100000000)
  eden space 338944K, 0% used [0x00000000e0000000,0x00000000e0000000,0x00000000f4b00000)
  from space 16896K, 99% used [0x00000000f7080000,0x00000000f80ff068,0x00000000f8100000)
  to   space 27648K, 0% used [0x00000000f4b00000,0x00000000f4b00000,0x00000000f6600000)
 ParOldGen       total 116224K, used 115514K [0x00000000a0000000, 0x00000000a7180000, 0x00000000e0000000)
  object space 116224K, 99% used [0x00000000a0000000,0x00000000a70cea68,0x00000000a7180000)
 Metaspace       used 89618K, capacity 94092K, committed 94336K, reserved 1130496K
  class space    used 11535K, capacity 12367K, committed 12416K, reserved 1048576K
}
Event: 1326.065 GC heap before
{Heap before GC invocations=30 (full 6):
 PSYoungGen      total 355840K, used 16892K [0x00000000e0000000, 0x00000000f8100000, 0x0000000100000000)
  eden space 338944K, 0% used [0x00000000e0000000,0x00000000e0000000,0x00000000f4b00000)
  from space 16896K, 99% used [0x00000000f7080000,0x00000000f80ff068,0x00000000f8100000)
  to   space 27648K, 0% used [0x00000000f4b00000,0x00000000f4b00000,0x00000000f6600000)
 ParOldGen       total 116224K, used 115514K [0x00000000a0000000, 0x00000000a7180000, 0x00000000e0000000)
  object space 116224K, 99% used [0x00000000a0000000,0x00000000a70cea68,0x00000000a7180000)
 Metaspace       used 89618K, capacity 94092K, committed 94336K, reserved 1130496K
  class space    used 11535K, capacity 12367K, committed 12416K, reserved 1048576K
Event: 1329.108 GC heap after
Heap after GC invocations=30 (full 6):
 PSYoungGen      total 355840K, used 0K [0x00000000e0000000, 0x00000000f8100000, 0x0000000100000000)
  eden space 338944K, 0% used [0x00000000e0000000,0x00000000e0000000,0x00000000f4b00000)
  from space 16896K, 0% used [0x00000000f7080000,0x00000000f7080000,0x00000000f8100000)
  to   space 27648K, 0% used [0x00000000f4b00000,0x00000000f4b00000,0x00000000f6600000)
 ParOldGen       total 116224K, used 102600K [0x00000000a0000000, 0x00000000a7180000, 0x00000000e0000000)
  object space 116224K, 88% used [0x00000000a0000000,0x00000000a6432038,0x00000000a7180000)
 Metaspace       used 89608K, capacity 94060K, committed 94336K, reserved 1130496K
  class space    used 11531K, capacity 12361K, committed 12416K, reserved 1048576K
}

