# JRE version: OpenJDK Runtime Environment (8.0_202-b03) (build 1.8.0_202-release-1483-b03)
# Java VM: OpenJDK 64-Bit Server VM (25.202-b03 mixed mode windows-amd64 compressed oops)
Heap:
 PSYoungGen      total 153600K, used 70902K [0x00000000e0000000, 0x00000000ebf80000, 0x0000000100000000)
  eden space 136704K, 39% used [0x00000000e0000000,0x00000000e34c34e8,0x00000000e8580000)
  from space 16896K, 99% used [0x00000000e8580000,0x00000000e95fa6d8,0x00000000e9600000)
  to   space 20992K, 0% used [0x00000000eab00000,0x00000000eab00000,0x00000000ebf80000)
 ParOldGen       total 81408K, used 39113K [0x00000000a0000000, 0x00000000a4f80000, 0x00000000e0000000)
  object space 81408K, 48% used [0x00000000a0000000,0x00000000a26326e8,0x00000000a4f80000)
 Metaspace       used 70765K, capacity 73034K, committed 73176K, reserved 1112064K
  class space    used 9606K, capacity 10130K, committed 10240K, reserved 1048576K
GC Heap History (10 events):
Event: 22.476 GC heap before
{Heap before GC invocations=20 (full 3):
 PSYoungGen      total 126976K, used 7131K [0x00000000e0000000, 0x00000000e9e80000, 0x0000000100000000)
  eden space 113152K, 0% used [0x00000000e0000000,0x00000000e0000000,0x00000000e6e80000)
  from space 13824K, 51% used [0x00000000e6e80000,0x00000000e7576cb8,0x00000000e7c00000)
  to   space 13312K, 0% used [0x00000000e9180000,0x00000000e9180000,0x00000000e9e80000)
 ParOldGen       total 48640K, used 33376K [0x00000000a0000000, 0x00000000a2f80000, 0x00000000e0000000)
  object space 48640K, 68% used [0x00000000a0000000,0x00000000a2098158,0x00000000a2f80000)
 Metaspace       used 57335K, capacity 58920K, committed 59096K, reserved 1099776K
  class space    used 7808K, capacity 8183K, committed 8192K, reserved 1048576K
Event: 23.043 GC heap after
Heap after GC invocations=20 (full 3):
 PSYoungGen      total 126976K, used 0K [0x00000000e0000000, 0x00000000e9e80000, 0x0000000100000000)
  eden space 113152K, 0% used [0x00000000e0000000,0x00000000e0000000,0x00000000e6e80000)
  from space 13824K, 0% used [0x00000000e6e80000,0x00000000e6e80000,0x00000000e7c00000)
  to   space 13312K, 0% used [0x00000000e9180000,0x00000000e9180000,0x00000000e9e80000)
 ParOldGen       total 81408K, used 31094K [0x00000000a0000000, 0x00000000a4f80000, 0x00000000e0000000)
  object space 81408K, 38% used [0x00000000a0000000,0x00000000a1e5dab0,0x00000000a4f80000)
 Metaspace       used 57335K, capacity 58920K, committed 59096K, reserved 1099776K
  class space    used 7808K, capacity 8183K, committed 8192K, reserved 1048576K
}
Event: 31.159 GC heap before
{Heap before GC invocations=21 (full 3):
 PSYoungGen      total 126976K, used 113152K [0x00000000e0000000, 0x00000000e9e80000, 0x0000000100000000)
  eden space 113152K, 100% used [0x00000000e0000000,0x00000000e6e80000,0x00000000e6e80000)
  from space 13824K, 0% used [0x00000000e6e80000,0x00000000e6e80000,0x00000000e7c00000)
  to   space 13312K, 0% used [0x00000000e9180000,0x00000000e9180000,0x00000000e9e80000)
 ParOldGen       total 81408K, used 31094K [0x00000000a0000000, 0x00000000a4f80000, 0x00000000e0000000)
  object space 81408K, 38% used [0x00000000a0000000,0x00000000a1e5dab0,0x00000000a4f80000)
 Metaspace       used 60639K, capacity 62424K, committed 62680K, reserved 1103872K
  class space    used 8204K, capacity 8611K, committed 8704K, reserved 1048576K
Event: 31.191 GC heap after
Heap after GC invocations=21 (full 3):
 PSYoungGen      total 139776K, used 13294K [0x00000000e0000000, 0x00000000e9e80000, 0x0000000100000000)
  eden space 126464K, 0% used [0x00000000e0000000,0x00000000e0000000,0x00000000e7b80000)
  from space 13312K, 99% used [0x00000000e9180000,0x00000000e9e7bb00,0x00000000e9e80000)
  to   space 15360K, 0% used [0x00000000e8080000,0x00000000e8080000,0x00000000e8f80000)
 ParOldGen       total 81408K, used 31381K [0x00000000a0000000, 0x00000000a4f80000, 0x00000000e0000000)
  object space 81408K, 38% used [0x00000000a0000000,0x00000000a1ea5528,0x00000000a4f80000)
 Metaspace       used 60639K, capacity 62424K, committed 62680K, reserved 1103872K
  class space    used 8204K, capacity 8611K, committed 8704K, reserved 1048576K
}
Event: 61.745 GC heap before
{Heap before GC invocations=22 (full 3):
 PSYoungGen      total 139776K, used 139758K [0x00000000e0000000, 0x00000000e9e80000, 0x0000000100000000)
  eden space 126464K, 100% used [0x00000000e0000000,0x00000000e7b80000,0x00000000e7b80000)
  from space 13312K, 99% used [0x00000000e9180000,0x00000000e9e7bb00,0x00000000e9e80000)
  to   space 15360K, 0% used [0x00000000e8080000,0x00000000e8080000,0x00000000e8f80000)
 ParOldGen       total 81408K, used 31381K [0x00000000a0000000, 0x00000000a4f80000, 0x00000000e0000000)
  object space 81408K, 38% used [0x00000000a0000000,0x00000000a1ea5528,0x00000000a4f80000)
 Metaspace       used 62571K, capacity 64480K, committed 64728K, reserved 1105920K
  class space    used 8389K, capacity 8837K, committed 8960K, reserved 1048576K
Event: 61.778 GC heap after
Heap after GC invocations=22 (full 3):
 PSYoungGen      total 146944K, used 4380K [0x00000000e0000000, 0x00000000ea480000, 0x0000000100000000)
  eden space 131584K, 0% used [0x00000000e0000000,0x00000000e0000000,0x00000000e8080000)
  from space 15360K, 28% used [0x00000000e8080000,0x00000000e84c71e0,0x00000000e8f80000)
  to   space 14848K, 0% used [0x00000000e9600000,0x00000000e9600000,0x00000000ea480000)
 ParOldGen       total 81408K, used 35081K [0x00000000a0000000, 0x00000000a4f80000, 0x00000000e0000000)
  object space 81408K, 43% used [0x00000000a0000000,0x00000000a2242518,0x00000000a4f80000)
 Metaspace       used 62571K, capacity 64480K, committed 64728K, reserved 1105920K
  class space    used 8389K, capacity 8837K, committed 8960K, reserved 1048576K
}
Event: 67.339 GC heap before
{Heap before GC invocations=23 (full 3):
 PSYoungGen      total 146944K, used 135964K [0x00000000e0000000, 0x00000000ea480000, 0x0000000100000000)
  eden space 131584K, 100% used [0x00000000e0000000,0x00000000e8080000,0x00000000e8080000)
  from space 15360K, 28% used [0x00000000e8080000,0x00000000e84c71e0,0x00000000e8f80000)
  to   space 14848K, 0% used [0x00000000e9600000,0x00000000e9600000,0x00000000ea480000)
 ParOldGen       total 81408K, used 35081K [0x00000000a0000000, 0x00000000a4f80000, 0x00000000e0000000)
  object space 81408K, 43% used [0x00000000a0000000,0x00000000a2242518,0x00000000a4f80000)
 Metaspace       used 64522K, capacity 66570K, committed 66776K, reserved 1107968K
  class space    used 8647K, capacity 9146K, committed 9216K, reserved 1048576K
Event: 67.396 GC heap after
Heap after GC invocations=23 (full 3):
 PSYoungGen      total 151552K, used 13844K [0x00000000e0000000, 0x00000000ead80000, 0x0000000100000000)
  eden space 136704K, 0% used [0x00000000e0000000,0x00000000e0000000,0x00000000e8580000)
  from space 14848K, 93% used [0x00000000e9600000,0x00000000ea385058,0x00000000ea480000)
  to   space 16896K, 0% used [0x00000000e8580000,0x00000000e8580000,0x00000000e9600000)
 ParOldGen       total 81408K, used 35089K [0x00000000a0000000, 0x00000000a4f80000, 0x00000000e0000000)
  object space 81408K, 43% used [0x00000000a0000000,0x00000000a2244518,0x00000000a4f80000)
 Metaspace       used 64522K, capacity 66570K, committed 66776K, reserved 1107968K
  class space    used 8647K, capacity 9146K, committed 9216K, reserved 1048576K
}
Event: 70.814 GC heap before
{Heap before GC invocations=24 (full 3):
 PSYoungGen      total 151552K, used 150548K [0x00000000e0000000, 0x00000000ead80000, 0x0000000100000000)
  eden space 136704K, 100% used [0x00000000e0000000,0x00000000e8580000,0x00000000e8580000)
  from space 14848K, 93% used [0x00000000e9600000,0x00000000ea385058,0x00000000ea480000)
  to   space 16896K, 0% used [0x00000000e8580000,0x00000000e8580000,0x00000000e9600000)
 ParOldGen       total 81408K, used 35089K [0x00000000a0000000, 0x00000000a4f80000, 0x00000000e0000000)
  object space 81408K, 43% used [0x00000000a0000000,0x00000000a2244518,0x00000000a4f80000)
 Metaspace       used 65977K, capacity 68122K, committed 68312K, reserved 1107968K
  class space    used 8930K, capacity 9432K, committed 9472K, reserved 1048576K
Event: 70.921 GC heap after
Heap after GC invocations=24 (full 3):
 PSYoungGen      total 153600K, used 16873K [0x00000000e0000000, 0x00000000ebf80000, 0x0000000100000000)
  eden space 136704K, 0% used [0x00000000e0000000,0x00000000e0000000,0x00000000e8580000)
  from space 16896K, 99% used [0x00000000e8580000,0x00000000e95fa6d8,0x00000000e9600000)
  to   space 20992K, 0% used [0x00000000eab00000,0x00000000eab00000,0x00000000ebf80000)
 ParOldGen       total 81408K, used 39113K [0x00000000a0000000, 0x00000000a4f80000, 0x00000000e0000000)
  object space 81408K, 48% used [0x00000000a0000000,0x00000000a26326e8,0x00000000a4f80000)
 Metaspace       used 65977K, capacity 68122K, committed 68312K, reserved 1107968K
  class space    used 8930K, capacity 9432K, committed 9472K, reserved 1048576K
}

