# JRE version: OpenJDK Runtime Environment (8.0_202-b03) (build 1.8.0_202-release-1483-b03)
# Java VM: OpenJDK 64-Bit Server VM (25.202-b03 mixed mode windows-amd64 compressed oops)
Heap:
 PSYoungGen      total 101376K, used 100668K [0x00000000e0000000, 0x00000000e7600000, 0x0000000100000000)
  eden space 90624K, 99% used [0x00000000e0000000,0x00000000e57d54c0,0x00000000e5880000)
  from space 10752K, 99% used [0x00000000e6680000,0x00000000e70f9bc0,0x00000000e7100000)
  to   space 14336K, 0% used [0x00000000e5880000,0x00000000e5880000,0x00000000e6680000)
 ParOldGen       total 79360K, used 36230K [0x00000000a0000000, 0x00000000a4d80000, 0x00000000e0000000)
  object space 79360K, 45% used [0x00000000a0000000,0x00000000a2361b60,0x00000000a4d80000)
 Metaspace       used 68597K, capacity 70795K, committed 70872K, reserved 1110016K
  class space    used 9252K, capacity 9713K, committed 9728K, reserved 1048576K
GC Heap History (10 events):
Event: 42.365 GC heap before
{Heap before GC invocations=23 (full 2):
 PSYoungGen      total 76800K, used 76698K [0x00000000e0000000, 0x00000000e5700000, 0x0000000100000000)
  eden space 69632K, 100% used [0x00000000e0000000,0x00000000e4400000,0x00000000e4400000)
  from space 7168K, 98% used [0x00000000e4c00000,0x00000000e52e6868,0x00000000e5300000)
  to   space 8192K, 0% used [0x00000000e4400000,0x00000000e4400000,0x00000000e4c00000)
 ParOldGen       total 48640K, used 23682K [0x00000000a0000000, 0x00000000a2f80000, 0x00000000e0000000)
  object space 48640K, 48% used [0x00000000a0000000,0x00000000a17208e8,0x00000000a2f80000)
 Metaspace       used 51959K, capacity 53234K, committed 53464K, reserved 1095680K
  class space    used 7026K, capacity 7378K, committed 7424K, reserved 1048576K
Event: 42.406 GC heap after
Heap after GC invocations=23 (full 2):
 PSYoungGen      total 77824K, used 8167K [0x00000000e0000000, 0x00000000e6600000, 0x0000000100000000)
  eden space 69632K, 0% used [0x00000000e0000000,0x00000000e0000000,0x00000000e4400000)
  from space 8192K, 99% used [0x00000000e4400000,0x00000000e4bf9f68,0x00000000e4c00000)
  to   space 10752K, 0% used [0x00000000e5b80000,0x00000000e5b80000,0x00000000e6600000)
 ParOldGen       total 48640K, used 27807K [0x00000000a0000000, 0x00000000a2f80000, 0x00000000e0000000)
  object space 48640K, 57% used [0x00000000a0000000,0x00000000a1b27c38,0x00000000a2f80000)
 Metaspace       used 51959K, capacity 53234K, committed 53464K, reserved 1095680K
  class space    used 7026K, capacity 7378K, committed 7424K, reserved 1048576K
}
Event: 46.936 GC heap before
{Heap before GC invocations=24 (full 2):
 PSYoungGen      total 77824K, used 71786K [0x00000000e0000000, 0x00000000e6600000, 0x0000000100000000)
  eden space 69632K, 91% used [0x00000000e0000000,0x00000000e3e20a68,0x00000000e4400000)
  from space 8192K, 99% used [0x00000000e4400000,0x00000000e4bf9f68,0x00000000e4c00000)
  to   space 10752K, 0% used [0x00000000e5b80000,0x00000000e5b80000,0x00000000e6600000)
 ParOldGen       total 48640K, used 27807K [0x00000000a0000000, 0x00000000a2f80000, 0x00000000e0000000)
  object space 48640K, 57% used [0x00000000a0000000,0x00000000a1b27c38,0x00000000a2f80000)
 Metaspace       used 57379K, capacity 58891K, committed 59028K, reserved 1099776K
  class space    used 7821K, capacity 8192K, committed 8192K, reserved 1048576K
Event: 46.966 GC heap after
Heap after GC invocations=24 (full 2):
 PSYoungGen      total 92672K, used 6722K [0x00000000e0000000, 0x00000000e6580000, 0x0000000100000000)
  eden space 82432K, 0% used [0x00000000e0000000,0x00000000e0000000,0x00000000e5080000)
  from space 10240K, 65% used [0x00000000e5b80000,0x00000000e6210b48,0x00000000e6580000)
  to   space 10752K, 0% used [0x00000000e5080000,0x00000000e5080000,0x00000000e5b00000)
 ParOldGen       total 48640K, used 30769K [0x00000000a0000000, 0x00000000a2f80000, 0x00000000e0000000)
  object space 48640K, 63% used [0x00000000a0000000,0x00000000a1e0c468,0x00000000a2f80000)
 Metaspace       used 57379K, capacity 58891K, committed 59028K, reserved 1099776K
  class space    used 7821K, capacity 8192K, committed 8192K, reserved 1048576K
}
Event: 46.966 GC heap before
{Heap before GC invocations=25 (full 3):
 PSYoungGen      total 92672K, used 6722K [0x00000000e0000000, 0x00000000e6580000, 0x0000000100000000)
  eden space 82432K, 0% used [0x00000000e0000000,0x00000000e0000000,0x00000000e5080000)
  from space 10240K, 65% used [0x00000000e5b80000,0x00000000e6210b48,0x00000000e6580000)
  to   space 10752K, 0% used [0x00000000e5080000,0x00000000e5080000,0x00000000e5b00000)
 ParOldGen       total 48640K, used 30769K [0x00000000a0000000, 0x00000000a2f80000, 0x00000000e0000000)
  object space 48640K, 63% used [0x00000000a0000000,0x00000000a1e0c468,0x00000000a2f80000)
 Metaspace       used 57379K, capacity 58891K, committed 59028K, reserved 1099776K
  class space    used 7821K, capacity 8192K, committed 8192K, reserved 1048576K
Event: 47.414 GC heap after
Heap after GC invocations=25 (full 3):
 PSYoungGen      total 92672K, used 0K [0x00000000e0000000, 0x00000000e6580000, 0x0000000100000000)
  eden space 82432K, 0% used [0x00000000e0000000,0x00000000e0000000,0x00000000e5080000)
  from space 10240K, 0% used [0x00000000e5b80000,0x00000000e5b80000,0x00000000e6580000)
  to   space 10752K, 0% used [0x00000000e5080000,0x00000000e5080000,0x00000000e5b00000)
 ParOldGen       total 79360K, used 31150K [0x00000000a0000000, 0x00000000a4d80000, 0x00000000e0000000)
  object space 79360K, 39% used [0x00000000a0000000,0x00000000a1e6b868,0x00000000a4d80000)
 Metaspace       used 57379K, capacity 58891K, committed 59028K, reserved 1099776K
  class space    used 7821K, capacity 8192K, committed 8192K, reserved 1048576K
}
Event: 57.939 GC heap before
{Heap before GC invocations=26 (full 3):
 PSYoungGen      total 92672K, used 82432K [0x00000000e0000000, 0x00000000e6580000, 0x0000000100000000)
  eden space 82432K, 100% used [0x00000000e0000000,0x00000000e5080000,0x00000000e5080000)
  from space 10240K, 0% used [0x00000000e5b80000,0x00000000e5b80000,0x00000000e6580000)
  to   space 10752K, 0% used [0x00000000e5080000,0x00000000e5080000,0x00000000e5b00000)
 ParOldGen       total 79360K, used 31150K [0x00000000a0000000, 0x00000000a4d80000, 0x00000000e0000000)
  object space 79360K, 39% used [0x00000000a0000000,0x00000000a1e6b868,0x00000000a4d80000)
 Metaspace       used 60128K, capacity 61853K, committed 62040K, reserved 1103872K
  class space    used 8150K, capacity 8522K, committed 8576K, reserved 1048576K
Event: 57.965 GC heap after
Heap after GC invocations=26 (full 3):
 PSYoungGen      total 93184K, used 6598K [0x00000000e0000000, 0x00000000e7100000, 0x0000000100000000)
  eden space 82432K, 0% used [0x00000000e0000000,0x00000000e0000000,0x00000000e5080000)
  from space 10752K, 61% used [0x00000000e5080000,0x00000000e56f1ad0,0x00000000e5b00000)
  to   space 10752K, 0% used [0x00000000e6680000,0x00000000e6680000,0x00000000e7100000)
 ParOldGen       total 79360K, used 31158K [0x00000000a0000000, 0x00000000a4d80000, 0x00000000e0000000)
  object space 79360K, 39% used [0x00000000a0000000,0x00000000a1e6d868,0x00000000a4d80000)
 Metaspace       used 60128K, capacity 61853K, committed 62040K, reserved 1103872K
  class space    used 8150K, capacity 8522K, committed 8576K, reserved 1048576K
}
Event: 93.227 GC heap before
{Heap before GC invocations=27 (full 3):
 PSYoungGen      total 93184K, used 89030K [0x00000000e0000000, 0x00000000e7100000, 0x0000000100000000)
  eden space 82432K, 100% used [0x00000000e0000000,0x00000000e5080000,0x00000000e5080000)
  from space 10752K, 61% used [0x00000000e5080000,0x00000000e56f1ad0,0x00000000e5b00000)
  to   space 10752K, 0% used [0x00000000e6680000,0x00000000e6680000,0x00000000e7100000)
 ParOldGen       total 79360K, used 31158K [0x00000000a0000000, 0x00000000a4d80000, 0x00000000e0000000)
  object space 79360K, 39% used [0x00000000a0000000,0x00000000a1e6d868,0x00000000a4d80000)
 Metaspace       used 63692K, capacity 65585K, committed 65880K, reserved 1105920K
  class space    used 8586K, capacity 9018K, committed 9088K, reserved 1048576K
Event: 93.266 GC heap after
Heap after GC invocations=27 (full 3):
 PSYoungGen      total 101376K, used 10726K [0x00000000e0000000, 0x00000000e7600000, 0x0000000100000000)
  eden space 90624K, 0% used [0x00000000e0000000,0x00000000e0000000,0x00000000e5880000)
  from space 10752K, 99% used [0x00000000e6680000,0x00000000e70f9bc0,0x00000000e7100000)
  to   space 14336K, 0% used [0x00000000e5880000,0x00000000e5880000,0x00000000e6680000)
 ParOldGen       total 79360K, used 36230K [0x00000000a0000000, 0x00000000a4d80000, 0x00000000e0000000)
  object space 79360K, 45% used [0x00000000a0000000,0x00000000a2361b60,0x00000000a4d80000)
 Metaspace       used 63692K, capacity 65585K, committed 65880K, reserved 1105920K
  class space    used 8586K, capacity 9018K, committed 9088K, reserved 1048576K
}

