# JRE version: OpenJDK Runtime Environment (8.0_202-b03) (build 1.8.0_202-release-1483-b03)
# Java VM: OpenJDK 64-Bit Server VM (25.202-b03 mixed mode windows-amd64 compressed oops)
Heap:
 PSYoungGen      total 142848K, used 2564K [0x00000000e0000000, 0x00000000eba80000, 0x0000000100000000)
  eden space 127488K, 2% used [0x00000000e0000000,0x00000000e02812c8,0x00000000e7c80000)
  from space 15360K, 0% used [0x00000000eab80000,0x00000000eab80000,0x00000000eba80000)
  to   space 11776K, 0% used [0x00000000e7c80000,0x00000000e7c80000,0x00000000e8800000)
 ParOldGen       total 53760K, used 29210K [0x00000000a0000000, 0x00000000a3480000, 0x00000000e0000000)
  object space 53760K, 54% used [0x00000000a0000000,0x00000000a1c86848,0x00000000a3480000)
 Metaspace       used 51050K, capacity 52572K, committed 52864K, reserved 1097728K
  class space    used 6914K, capacity 7282K, committed 7296K, reserved 1048576K
GC Heap History (10 events):
Event: 13.853 GC heap before
{Heap before GC invocations=11 (full 1):
 PSYoungGen      total 124416K, used 34286K [0x00000000e0000000, 0x00000000e9380000, 0x0000000100000000)
  eden space 114688K, 21% used [0x00000000e0000000,0x00000000e1803730,0x00000000e7000000)
  from space 9728K, 99% used [0x00000000e7000000,0x00000000e79783d0,0x00000000e7980000)
  to   space 11776K, 0% used [0x00000000e8800000,0x00000000e8800000,0x00000000e9380000)
 ParOldGen       total 37376K, used 13932K [0x00000000a0000000, 0x00000000a2480000, 0x00000000e0000000)
  object space 37376K, 37% used [0x00000000a0000000,0x00000000a0d9b338,0x00000000a2480000)
 Metaspace       used 34544K, capacity 35396K, committed 35456K, reserved 1079296K
  class space    used 4767K, capacity 4956K, committed 4992K, reserved 1048576K
Event: 13.876 GC heap after
Heap after GC invocations=11 (full 1):
 PSYoungGen      total 139264K, used 6757K [0x00000000e0000000, 0x00000000eb300000, 0x0000000100000000)
  eden space 127488K, 0% used [0x00000000e0000000,0x00000000e0000000,0x00000000e7c80000)
  from space 11776K, 57% used [0x00000000e8800000,0x00000000e8e99440,0x00000000e9380000)
  to   space 11776K, 0% used [0x00000000e7c80000,0x00000000e7c80000,0x00000000e8800000)
 ParOldGen       total 37376K, used 16702K [0x00000000a0000000, 0x00000000a2480000, 0x00000000e0000000)
  object space 37376K, 44% used [0x00000000a0000000,0x00000000a104fa78,0x00000000a2480000)
 Metaspace       used 34544K, capacity 35396K, committed 35456K, reserved 1079296K
  class space    used 4767K, capacity 4956K, committed 4992K, reserved 1048576K
}
Event: 13.876 GC heap before
{Heap before GC invocations=12 (full 2):
 PSYoungGen      total 139264K, used 6757K [0x00000000e0000000, 0x00000000eb300000, 0x0000000100000000)
  eden space 127488K, 0% used [0x00000000e0000000,0x00000000e0000000,0x00000000e7c80000)
  from space 11776K, 57% used [0x00000000e8800000,0x00000000e8e99440,0x00000000e9380000)
  to   space 11776K, 0% used [0x00000000e7c80000,0x00000000e7c80000,0x00000000e8800000)
 ParOldGen       total 37376K, used 16702K [0x00000000a0000000, 0x00000000a2480000, 0x00000000e0000000)
  object space 37376K, 44% used [0x00000000a0000000,0x00000000a104fa78,0x00000000a2480000)
 Metaspace       used 34544K, capacity 35396K, committed 35456K, reserved 1079296K
  class space    used 4767K, capacity 4956K, committed 4992K, reserved 1048576K
Event: 14.022 GC heap after
Heap after GC invocations=12 (full 2):
 PSYoungGen      total 139264K, used 0K [0x00000000e0000000, 0x00000000eb300000, 0x0000000100000000)
  eden space 127488K, 0% used [0x00000000e0000000,0x00000000e0000000,0x00000000e7c80000)
  from space 11776K, 0% used [0x00000000e8800000,0x00000000e8800000,0x00000000e9380000)
  to   space 11776K, 0% used [0x00000000e7c80000,0x00000000e7c80000,0x00000000e8800000)
 ParOldGen       total 53760K, used 16378K [0x00000000a0000000, 0x00000000a3480000, 0x00000000e0000000)
  object space 53760K, 30% used [0x00000000a0000000,0x00000000a0ffe9e0,0x00000000a3480000)
 Metaspace       used 34544K, capacity 35396K, committed 35456K, reserved 1079296K
  class space    used 4767K, capacity 4956K, committed 4992K, reserved 1048576K
}
Event: 17.830 GC heap before
{Heap before GC invocations=13 (full 2):
 PSYoungGen      total 139264K, used 127488K [0x00000000e0000000, 0x00000000eb300000, 0x0000000100000000)
  eden space 127488K, 100% used [0x00000000e0000000,0x00000000e7c80000,0x00000000e7c80000)
  from space 11776K, 0% used [0x00000000e8800000,0x00000000e8800000,0x00000000e9380000)
  to   space 11776K, 0% used [0x00000000e7c80000,0x00000000e7c80000,0x00000000e8800000)
 ParOldGen       total 53760K, used 16378K [0x00000000a0000000, 0x00000000a3480000, 0x00000000e0000000)
  object space 53760K, 30% used [0x00000000a0000000,0x00000000a0ffe9e0,0x00000000a3480000)
 Metaspace       used 45817K, capacity 47134K, committed 47232K, reserved 1089536K
  class space    used 6192K, capacity 6507K, committed 6528K, reserved 1048576K
Event: 17.859 GC heap after
Heap after GC invocations=13 (full 2):
 PSYoungGen      total 139264K, used 11748K [0x00000000e0000000, 0x00000000eba80000, 0x0000000100000000)
  eden space 127488K, 0% used [0x00000000e0000000,0x00000000e0000000,0x00000000e7c80000)
  from space 11776K, 99% used [0x00000000e7c80000,0x00000000e87f92e8,0x00000000e8800000)
  to   space 15360K, 0% used [0x00000000eab80000,0x00000000eab80000,0x00000000eba80000)
 ParOldGen       total 53760K, used 21127K [0x00000000a0000000, 0x00000000a3480000, 0x00000000e0000000)
  object space 53760K, 39% used [0x00000000a0000000,0x00000000a14a1d48,0x00000000a3480000)
 Metaspace       used 45817K, capacity 47134K, committed 47232K, reserved 1089536K
  class space    used 6192K, capacity 6507K, committed 6528K, reserved 1048576K
}
Event: 19.062 GC heap before
{Heap before GC invocations=14 (full 2):
 PSYoungGen      total 139264K, used 74524K [0x00000000e0000000, 0x00000000eba80000, 0x0000000100000000)
  eden space 127488K, 49% used [0x00000000e0000000,0x00000000e3d4e100,0x00000000e7c80000)
  from space 11776K, 99% used [0x00000000e7c80000,0x00000000e87f92e8,0x00000000e8800000)
  to   space 15360K, 0% used [0x00000000eab80000,0x00000000eab80000,0x00000000eba80000)
 ParOldGen       total 53760K, used 21127K [0x00000000a0000000, 0x00000000a3480000, 0x00000000e0000000)
  object space 53760K, 39% used [0x00000000a0000000,0x00000000a14a1d48,0x00000000a3480000)
 Metaspace       used 50908K, capacity 52464K, committed 52608K, reserved 1099776K
  class space    used 6878K, capacity 7258K, committed 7296K, reserved 1048576K
Event: 19.110 GC heap after
Heap after GC invocations=14 (full 2):
 PSYoungGen      total 142848K, used 6788K [0x00000000e0000000, 0x00000000eba80000, 0x0000000100000000)
  eden space 127488K, 0% used [0x00000000e0000000,0x00000000e0000000,0x00000000e7c80000)
  from space 15360K, 44% used [0x00000000eab80000,0x00000000eb2212d8,0x00000000eba80000)
  to   space 11776K, 0% used [0x00000000e7c80000,0x00000000e7c80000,0x00000000e8800000)
 ParOldGen       total 53760K, used 29515K [0x00000000a0000000, 0x00000000a3480000, 0x00000000e0000000)
  object space 53760K, 54% used [0x00000000a0000000,0x00000000a1cd2de0,0x00000000a3480000)
 Metaspace       used 50908K, capacity 52464K, committed 52608K, reserved 1099776K
  class space    used 6878K, capacity 7258K, committed 7296K, reserved 1048576K
}
Event: 19.110 GC heap before
{Heap before GC invocations=15 (full 3):
 PSYoungGen      total 142848K, used 6788K [0x00000000e0000000, 0x00000000eba80000, 0x0000000100000000)
  eden space 127488K, 0% used [0x00000000e0000000,0x00000000e0000000,0x00000000e7c80000)
  from space 15360K, 44% used [0x00000000eab80000,0x00000000eb2212d8,0x00000000eba80000)
  to   space 11776K, 0% used [0x00000000e7c80000,0x00000000e7c80000,0x00000000e8800000)
 ParOldGen       total 53760K, used 29515K [0x00000000a0000000, 0x00000000a3480000, 0x00000000e0000000)
  object space 53760K, 54% used [0x00000000a0000000,0x00000000a1cd2de0,0x00000000a3480000)
 Metaspace       used 50908K, capacity 52464K, committed 52608K, reserved 1099776K
  class space    used 6878K, capacity 7258K, committed 7296K, reserved 1048576K
Event: 19.492 GC heap after
Heap after GC invocations=15 (full 3):
 PSYoungGen      total 142848K, used 0K [0x00000000e0000000, 0x00000000eba80000, 0x0000000100000000)
  eden space 127488K, 0% used [0x00000000e0000000,0x00000000e0000000,0x00000000e7c80000)
  from space 15360K, 0% used [0x00000000eab80000,0x00000000eab80000,0x00000000eba80000)
  to   space 11776K, 0% used [0x00000000e7c80000,0x00000000e7c80000,0x00000000e8800000)
 ParOldGen       total 53760K, used 29210K [0x00000000a0000000, 0x00000000a3480000, 0x00000000e0000000)
  object space 53760K, 54% used [0x00000000a0000000,0x00000000a1c86848,0x00000000a3480000)
 Metaspace       used 50892K, capacity 52410K, committed 52608K, reserved 1097728K
  class space    used 6873K, capacity 7249K, committed 7296K, reserved 1048576K
}

